[2016-06-16 15:44:23] local.ERROR: exception 'ErrorException' with message 'Trying to get property of non-object' in C:\wamp\www\client_projects\softral1\public\chat\index.php:19
Stack trace:
#0 C:\wamp\www\client_projects\softral1\public\chat\index.php(19): Illuminate\Foundation\Bootstrap\HandleExceptions->handleError(8, 'Trying to get p...', 'C:\\wamp\\www\\cli...', 19, Array)
#1 {main}  
[2016-06-16 15:44:27] local.ERROR: exception 'ErrorException' with message 'Trying to get property of non-object' in C:\wamp\www\client_projects\softral1\public\chat\index.php:19
Stack trace:
#0 C:\wamp\www\client_projects\softral1\public\chat\index.php(19): Illuminate\Foundation\Bootstrap\HandleExceptions->handleError(8, 'Trying to get p...', 'C:\\wamp\\www\\cli...', 19, Array)
#1 {main}  
[2016-06-16 15:47:43] local.ERROR: exception 'PDOException' with message 'SQLSTATE[HY000] [1044] Access denied for user ''@'localhost' to database 'forge'' in C:\wamp\www\client_projects\softral1\vendor\laravel\framework\src\Illuminate\Database\Connectors\Connector.php:47
Stack trace:
#0 C:\wamp\www\client_projects\softral1\vendor\laravel\framework\src\Illuminate\Database\Connectors\Connector.php(47): PDO->__construct('mysql:host=loca...', 'forge', '', Array)
#1 C:\wamp\www\client_projects\softral1\vendor\laravel\framework\src\Illuminate\Database\Connectors\MySqlConnector.php(20): Illuminate\Database\Connectors\Connector->createConnection('mysql:host=loca...', Array, Array)
#2 C:\wamp\www\client_projects\softral1\vendor\laravel\framework\src\Illuminate\Database\Connectors\ConnectionFactory.php(58): Illuminate\Database\Connectors\MySqlConnector->connect(Array)
#3 C:\wamp\www\client_projects\softral1\vendor\laravel\framework\src\Illuminate\Database\Connectors\ConnectionFactory.php(47): Illuminate\Database\Connectors\ConnectionFactory->createSingleConnection(Array)
#4 C:\wamp\www\client_projects\softral1\vendor\laravel\framework\src\Illuminate\Database\DatabaseManager.php(177): Illuminate\Database\Connectors\ConnectionFactory->make(Array, 'mysql')
#5 C:\wamp\www\client_projects\softral1\vendor\laravel\framework\src\Illuminate\Database\DatabaseManager.php(65): Illuminate\Database\DatabaseManager->makeConnection('mysql')
#6 C:\wamp\www\client_projects\softral1\vendor\laravel\framework\src\Illuminate\Database\Eloquent\Model.php(3146): Illuminate\Database\DatabaseManager->connection(NULL)
#7 C:\wamp\www\client_projects\softral1\vendor\laravel\framework\src\Illuminate\Database\Eloquent\Model.php(3112): Illuminate\Database\Eloquent\Model::resolveConnection(NULL)
#8 C:\wamp\www\client_projects\softral1\vendor\laravel\framework\src\Illuminate\Database\Eloquent\Model.php(1887): Illuminate\Database\Eloquent\Model->getConnection()
#9 C:\wamp\www\client_projects\softral1\vendor\laravel\framework\src\Illuminate\Database\Eloquent\Model.php(1828): Illuminate\Database\Eloquent\Model->newBaseQueryBuilder()
#10 C:\wamp\www\client_projects\softral1\vendor\laravel\framework\src\Illuminate\Database\Eloquent\Model.php(1802): Illuminate\Database\Eloquent\Model->newQueryWithoutScopes()
#11 C:\wamp\www\client_projects\softral1\vendor\laravel\framework\src\Illuminate\Database\Eloquent\Model.php(3360): Illuminate\Database\Eloquent\Model->newQuery()
#12 [internal function]: Illuminate\Database\Eloquent\Model->__call('where', Array)
#13 [internal function]: App\Http\Models\Page->where('slug', 'about-us')
#14 C:\wamp\www\client_projects\softral1\vendor\laravel\framework\src\Illuminate\Database\Eloquent\Model.php(3376): call_user_func_array(Array, Array)
#15 C:\wamp\www\client_projects\softral1\app\Http\Controllers\WelcomeController.php(57): Illuminate\Database\Eloquent\Model::__callStatic('where', Array)
#16 C:\wamp\www\client_projects\softral1\app\Http\Controllers\WelcomeController.php(57): App\Http\Models\Page::where('slug', 'about-us')
#17 [internal function]: App\Http\Controllers\WelcomeController->index()
#18 C:\wamp\www\client_projects\softral1\vendor\laravel\framework\src\Illuminate\Routing\Controller.php(246): call_user_func_array(Array, Array)
#19 C:\wamp\www\client_projects\softral1\vendor\laravel\framework\src\Illuminate\Routing\ControllerDispatcher.php(162): Illuminate\Routing\Controller->callAction('Index', Array)
#20 C:\wamp\www\client_projects\softral1\vendor\laravel\framework\src\Illuminate\Routing\ControllerDispatcher.php(107): Illuminate\Routing\ControllerDispatcher->call(Object(App\Http\Controllers\WelcomeController), Object(Illuminate\Routing\Route), 'Index')
#21 [internal function]: Illuminate\Routing\ControllerDispatcher->Illuminate\Routing\{closure}(Object(Illuminate\Http\Request))
#22 C:\wamp\www\client_projects\softral1\vendor\laravel\framework\src\Illuminate\Pipeline\Pipeline.php(141): call_user_func(Object(Closure), Object(Illuminate\Http\Request))
#23 C:\wamp\www\client_projects\softral1\app\Http\Middleware\RedirectIfAuthenticated.php(47): Illuminate\Pipeline\Pipeline->Illuminate\Pipeline\{closure}(Object(Illuminate\Http\Request))
#24 C:\wamp\www\client_projects\softral1\vendor\laravel\framework\src\Illuminate\Pipeline\Pipeline.php(125): App\Http\Middleware\RedirectIfAuthenticated->handle(Object(Illuminate\Http\Request), Object(Closure))
#25 [internal function]: Illuminate\Pipeline\Pipeline->Illuminate\Pipeline\{closure}(Object(Illuminate\Http\Request))
#26 C:\wamp\www\client_projects\softral1\vendor\laravel\framework\src\Illuminate\Pipeline\Pipeline.php(101): call_user_func(Object(Closure), Object(Illuminate\Http\Request))
#27 C:\wamp\www\client_projects\softral1\vendor\laravel\framework\src\Illuminate\Routing\ControllerDispatcher.php(108): Illuminate\Pipeline\Pipeline->then(Object(Closure))
#28 C:\wamp\www\client_projects\softral1\vendor\laravel\framework\src\Illuminate\Routing\ControllerDispatcher.php(67): Illuminate\Routing\ControllerDispatcher->callWithinStack(Object(App\Http\Controllers\WelcomeController), Object(Illuminate\Routing\Route), Object(Illuminate\Http\Request), 'Index')
#29 C:\wamp\www\client_projects\softral1\vendor\laravel\framework\src\Illuminate\Routing\Route.php(204): Illuminate\Routing\ControllerDispatcher->dispatch(Object(Illuminate\Routing\Route), Object(Illuminate\Http\Request), 'App\\Http\\Contro...', 'Index')
#30 C:\wamp\www\client_projects\softral1\vendor\laravel\framework\src\Illuminate\Routing\Route.php(134): Illuminate\Routing\Route->runWithCustomDispatcher(Object(Illuminate\Http\Request))
#31 C:\wamp\www\client_projects\softral1\vendor\laravel\framework\src\Illuminate\Routing\Router.php(701): Illuminate\Routing\Route->run(Object(Illuminate\Http\Request))
#32 [internal function]: Illuminate\Routing\Router->Illuminate\Routing\{closure}(Object(Illuminate\Http\Request))
#33 C:\wamp\www\client_projects\softral1\vendor\laravel\framework\src\Illuminate\Pipeline\Pipeline.php(141): call_user_func(Object(Closure), Object(Illuminate\Http\Request))
#34 [internal function]: Illuminate\Pipeline\Pipeline->Illuminate\Pipeline\{closure}(Object(Illuminate\Http\Request))
#35 C:\wamp\www\client_projects\softral1\vendor\laravel\framework\src\Illuminate\Pipeline\Pipeline.php(101): call_user_func(Object(Closure), Object(Illuminate\Http\Request))
#36 C:\wamp\www\client_projects\softral1\vendor\laravel\framework\src\Illuminate\Routing\Router.php(703): Illuminate\Pipeline\Pipeline->then(Object(Closure))
#37 C:\wamp\www\client_projects\softral1\vendor\laravel\framework\src\Illuminate\Routing\Router.php(670): Illuminate\Routing\Router->runRouteWithinStack(Object(Illuminate\Routing\Route), Object(Illuminate\Http\Request))
#38 C:\wamp\www\client_projects\softral1\vendor\laravel\framework\src\Illuminate\Routing\Router.php(628): Illuminate\Routing\Router->dispatchToRoute(Object(Illuminate\Http\Request))
#39 C:\wamp\www\client_projects\softral1\vendor\laravel\framework\src\Illuminate\Foundation\Http\Kernel.php(214): Illuminate\Routing\Router->dispatch(Object(Illuminate\Http\Request))
#40 [internal function]: Illuminate\Foundation\Http\Kernel->Illuminate\Foundation\Http\{closure}(Object(Illuminate\Http\Request))
#41 C:\wamp\www\client_projects\softral1\vendor\laravel\framework\src\Illuminate\Pipeline\Pipeline.php(141): call_user_func(Object(Closure), Object(Illuminate\Http\Request))
#42 C:\wamp\www\client_projects\softral1\vendor\laravel\framework\src\Illuminate\Foundation\Http\Middleware\VerifyCsrfToken.php(43): Illuminate\Pipeline\Pipeline->Illuminate\Pipeline\{closure}(Object(Illuminate\Http\Request))
#43 C:\wamp\www\client_projects\softral1\app\Http\Middleware\VerifyCsrfToken.php(17): Illuminate\Foundation\Http\Middleware\VerifyCsrfToken->handle(Object(Illuminate\Http\Request), Object(Closure))
#44 C:\wamp\www\client_projects\softral1\vendor\laravel\framework\src\Illuminate\Pipeline\Pipeline.php(125): App\Http\Middleware\VerifyCsrfToken->handle(Object(Illuminate\Http\Request), Object(Closure))
#45 C:\wamp\www\client_projects\softral1\vendor\laravel\framework\src\Illuminate\View\Middleware\ShareErrorsFromSession.php(55): Illuminate\Pipeline\Pipeline->Illuminate\Pipeline\{closure}(Object(Illuminate\Http\Request))
#46 C:\wamp\www\client_projects\softral1\vendor\laravel\framework\src\Illuminate\Pipeline\Pipeline.php(125): Illuminate\View\Middleware\ShareErrorsFromSession->handle(Object(Illuminate\Http\Request), Object(Closure))
#47 C:\wamp\www\client_projects\softral1\vendor\laravel\framework\src\Illuminate\Session\Middleware\StartSession.php(61): Illuminate\Pipeline\Pipeline->Illuminate\Pipeline\{closure}(Object(Illuminate\Http\Request))
#48 C:\wamp\www\client_projects\softral1\vendor\laravel\framework\src\Illuminate\Pipeline\Pipeline.php(125): Illuminate\Session\Middleware\StartSession->handle(Object(Illuminate\Http\Request), Object(Closure))
#49 C:\wamp\www\client_projects\softral1\vendor\laravel\framework\src\Illuminate\Cookie\Middleware\AddQueuedCookiesToResponse.php(36): Illuminate\Pipeline\Pipeline->Illuminate\Pipeline\{closure}(Object(Illuminate\Http\Request))
#50 C:\wamp\www\client_projects\softral1\vendor\laravel\framework\src\Illuminate\Pipeline\Pipeline.php(125): Illuminate\Cookie\Middleware\AddQueuedCookiesToResponse->handle(Object(Illuminate\Http\Request), Object(Closure))
#51 C:\wamp\www\client_projects\softral1\vendor\laravel\framework\src\Illuminate\Cookie\Middleware\EncryptCookies.php(40): Illuminate\Pipeline\Pipeline->Illuminate\Pipeline\{closure}(Object(Illuminate\Http\Request))
#52 C:\wamp\www\client_projects\softral1\vendor\laravel\framework\src\Illuminate\Pipeline\Pipeline.php(125): Illuminate\Cookie\Middleware\EncryptCookies->handle(Object(Illuminate\Http\Request), Object(Closure))
#53 C:\wamp\www\client_projects\softral1\vendor\laravel\framework\src\Illuminate\Foundation\Http\Middleware\CheckForMaintenanceMode.php(42): Illuminate\Pipeline\Pipeline->Illuminate\Pipeline\{closure}(Object(Illuminate\Http\Request))
#54 C:\wamp\www\client_projects\softral1\vendor\laravel\framework\src\Illuminate\Pipeline\Pipeline.php(125): Illuminate\Foundation\Http\Middleware\CheckForMaintenanceMode->handle(Object(Illuminate\Http\Request), Object(Closure))
#55 [internal function]: Illuminate\Pipeline\Pipeline->Illuminate\Pipeline\{closure}(Object(Illuminate\Http\Request))
#56 C:\wamp\www\client_projects\softral1\vendor\laravel\framework\src\Illuminate\Pipeline\Pipeline.php(101): call_user_func(Object(Closure), Object(Illuminate\Http\Request))
#57 C:\wamp\www\client_projects\softral1\vendor\laravel\framework\src\Illuminate\Foundation\Http\Kernel.php(115): Illuminate\Pipeline\Pipeline->then(Object(Closure))
#58 C:\wamp\www\client_projects\softral1\vendor\laravel\framework\src\Illuminate\Foundation\Http\Kernel.php(84): Illuminate\Foundation\Http\Kernel->sendRequestThroughRouter(Object(Illuminate\Http\Request))
#59 C:\wamp\www\client_projects\softral1\public\chat\index.php(12): Illuminate\Foundation\Http\Kernel->handle(Object(Illuminate\Http\Request))
#60 {main}  
[2016-06-16 15:47:43] local.ERROR: exception 'Illuminate\Contracts\Encryption\DecryptException' with message 'MAC is invalid.' in C:\wamp\www\client_projects\softral1\vendor\laravel\framework\src\Illuminate\Encryption\Encrypter.php:147
Stack trace:
#0 C:\wamp\www\client_projects\softral1\vendor\laravel\framework\src\Illuminate\Encryption\Encrypter.php(92): Illuminate\Encryption\Encrypter->getJsonPayload('eyJpdiI6IkdsRXp...')
#1 C:\wamp\www\client_projects\softral1\public\chat\index.php(14): Illuminate\Encryption\Encrypter->decrypt('eyJpdiI6IkdsRXp...')
#2 {main}  
[2016-06-16 15:49:56] local.ERROR: exception 'Symfony\Component\Debug\Exception\FatalErrorException' with message 'Call to undefined method Illuminate\Auth\AuthManager::user()' in C:\wamp\www\client_projects\softral1\public\chat\index.php:19
Stack trace:
#0 {main}  
[2016-06-16 15:50:12] local.ERROR: exception 'ErrorException' with message 'Trying to get property of non-object' in C:\wamp\www\client_projects\softral1\public\chat\index.php:19
Stack trace:
#0 C:\wamp\www\client_projects\softral1\public\chat\index.php(19): Illuminate\Foundation\Bootstrap\HandleExceptions->handleError(8, 'Trying to get p...', 'C:\\wamp\\www\\cli...', 19, Array)
#1 {main}  
[2016-06-16 15:51:00] local.ERROR: exception 'ErrorException' with message 'Trying to get property of non-object' in C:\wamp\www\client_projects\softral1\public\chat\index.php:19
Stack trace:
#0 C:\wamp\www\client_projects\softral1\public\chat\index.php(19): Illuminate\Foundation\Bootstrap\HandleExceptions->handleError(8, 'Trying to get p...', 'C:\\wamp\\www\\cli...', 19, Array)
#1 {main}  
[2016-06-16 15:51:29] local.ERROR: exception 'ErrorException' with message 'Trying to get property of non-object' in C:\wamp\www\client_projects\softral1\public\chat\index.php:19
Stack trace:
#0 C:\wamp\www\client_projects\softral1\public\chat\index.php(19): Illuminate\Foundation\Bootstrap\HandleExceptions->handleError(8, 'Trying to get p...', 'C:\\wamp\\www\\cli...', 19, Array)
#1 {main}  
[2016-06-16 15:51:38] local.ERROR: exception 'ErrorException' with message 'Trying to get property of non-object' in C:\wamp\www\client_projects\softral1\public\chat\index.php:19
Stack trace:
#0 C:\wamp\www\client_projects\softral1\public\chat\index.php(19): Illuminate\Foundation\Bootstrap\HandleExceptions->handleError(8, 'Trying to get p...', 'C:\\wamp\\www\\cli...', 19, Array)
#1 {main}  
[2016-06-16 15:51:48] local.ERROR: exception 'ErrorException' with message 'Trying to get property of non-object' in C:\wamp\www\client_projects\softral1\public\chat\index.php:19
Stack trace:
#0 C:\wamp\www\client_projects\softral1\public\chat\index.php(19): Illuminate\Foundation\Bootstrap\HandleExceptions->handleError(8, 'Trying to get p...', 'C:\\wamp\\www\\cli...', 19, Array)
#1 {main}  
[2016-06-16 15:54:17] local.ERROR: exception 'Symfony\Component\Debug\Exception\FatalErrorException' with message 'Class 'AUTH' not found' in C:\wamp\www\client_projects\softral1\public\chat\index.php:18
Stack trace:
#0 {main}  
[2016-06-16 15:55:00] local.ERROR: exception 'ErrorException' with message 'Trying to get property of non-object' in C:\wamp\www\client_projects\softral1\public\chat\index.php:19
Stack trace:
#0 C:\wamp\www\client_projects\softral1\public\chat\index.php(19): Illuminate\Foundation\Bootstrap\HandleExceptions->handleError(8, 'Trying to get p...', 'C:\\wamp\\www\\cli...', 19, Array)
#1 {main}  
[2016-06-16 15:55:11] local.ERROR: exception 'ErrorException' with message 'Trying to get property of non-object' in C:\wamp\www\client_projects\softral1\public\chat\index.php:19
Stack trace:
#0 C:\wamp\www\client_projects\softral1\public\chat\index.php(19): Illuminate\Foundation\Bootstrap\HandleExceptions->handleError(8, 'Trying to get p...', 'C:\\wamp\\www\\cli...', 19, Array)
#1 {main}  
[2016-06-16 16:09:21] local.ERROR: exception 'ErrorException' with message 'Trying to get property of non-object' in C:\wamp\www\client_projects\softral1\public\chat\index.php:33
Stack trace:
#0 C:\wamp\www\client_projects\softral1\public\chat\index.php(33): Illuminate\Foundation\Bootstrap\HandleExceptions->handleError(8, 'Trying to get p...', 'C:\\wamp\\www\\cli...', 33, Array)
#1 {main}  
[2016-06-16 16:12:00] local.ERROR: exception 'ErrorException' with message 'Trying to get property of non-object' in C:\wamp\www\client_projects\softral1\public\chat\index.php:39
Stack trace:
#0 C:\wamp\www\client_projects\softral1\public\chat\index.php(39): Illuminate\Foundation\Bootstrap\HandleExceptions->handleError(8, 'Trying to get p...', 'C:\\wamp\\www\\cli...', 39, Array)
#1 {main}  
[2016-06-16 16:12:30] local.ERROR: exception 'ErrorException' with message 'Trying to get property of non-object' in C:\wamp\www\client_projects\softral1\public\chat\index.php:39
Stack trace:
#0 C:\wamp\www\client_projects\softral1\public\chat\index.php(39): Illuminate\Foundation\Bootstrap\HandleExceptions->handleError(8, 'Trying to get p...', 'C:\\wamp\\www\\cli...', 39, Array)
#1 {main}  
[2016-06-16 16:12:55] local.ERROR: exception 'ErrorException' with message 'Trying to get property of non-object' in C:\wamp\www\client_projects\softral1\public\chat\index.php:39
Stack trace:
#0 C:\wamp\www\client_projects\softral1\public\chat\index.php(39): Illuminate\Foundation\Bootstrap\HandleExceptions->handleError(8, 'Trying to get p...', 'C:\\wamp\\www\\cli...', 39, Array)
#1 {main}  
[2016-06-16 16:20:42] local.ERROR: exception 'ErrorException' with message 'Use of undefined constant AUTH - assumed 'AUTH'' in C:\wamp\www\client_projects\softral1\public\chat\index.php:42
Stack trace:
#0 C:\wamp\www\client_projects\softral1\public\chat\index.php(42): Illuminate\Foundation\Bootstrap\HandleExceptions->handleError(8, 'Use of undefine...', 'C:\\wamp\\www\\cli...', 42, Array)
#1 {main}  
[2016-06-16 16:20:50] local.ERROR: exception 'ErrorException' with message 'Use of undefined constant Auth - assumed 'Auth'' in C:\wamp\www\client_projects\softral1\public\chat\index.php:42
Stack trace:
#0 C:\wamp\www\client_projects\softral1\public\chat\index.php(42): Illuminate\Foundation\Bootstrap\HandleExceptions->handleError(8, 'Use of undefine...', 'C:\\wamp\\www\\cli...', 42, Array)
#1 {main}  
[2016-06-16 16:23:30] local.ERROR: exception 'Symfony\Component\Debug\Exception\FatalErrorException' with message 'Class 'Stack\Builder' not found' in C:\wamp\www\client_projects\softral1\public\chat\index.php:45
Stack trace:
#0 {main}  
[2016-06-16 16:25:00] local.ERROR: exception 'ErrorException' with message 'Trying to get property of non-object' in C:\wamp\www\client_projects\softral1\public\chat\index.php:46
Stack trace:
#0 C:\wamp\www\client_projects\softral1\public\chat\index.php(46): Illuminate\Foundation\Bootstrap\HandleExceptions->handleError(8, 'Trying to get p...', 'C:\\wamp\\www\\cli...', 46, Array)
#1 {main}  
[2016-06-16 16:25:19] local.ERROR: exception 'ErrorException' with message 'call_user_func_array() expects parameter 1 to be a valid callback, class 'Illuminate\Auth\Guard' does not have a method 'email'' in C:\wamp\www\client_projects\softral1\vendor\laravel\framework\src\Illuminate\Support\Manager.php:139
Stack trace:
#0 [internal function]: Illuminate\Foundation\Bootstrap\HandleExceptions->handleError(2, 'call_user_func_...', 'C:\\wamp\\www\\cli...', 139, Array)
#1 C:\wamp\www\client_projects\softral1\vendor\laravel\framework\src\Illuminate\Support\Manager.php(139): call_user_func_array(Array, Array)
#2 C:\wamp\www\client_projects\softral1\vendor\laravel\framework\src\Illuminate\Support\Facades\Facade.php(207): Illuminate\Support\Manager->__call('email', Array)
#3 C:\wamp\www\client_projects\softral1\vendor\laravel\framework\src\Illuminate\Support\Facades\Facade.php(207): Illuminate\Auth\AuthManager->email()
#4 C:\wamp\www\client_projects\softral1\public\chat\index.php(46): Illuminate\Support\Facades\Facade::__callStatic('email', Array)
#5 C:\wamp\www\client_projects\softral1\public\chat\index.php(46): Illuminate\Support\Facades\Auth::email()
#6 {main}  
[2016-06-16 16:25:52] local.ERROR: exception 'ErrorException' with message 'call_user_func_array() expects parameter 1 to be a valid callback, class 'Illuminate\Auth\Guard' does not have a method 'username'' in C:\wamp\www\client_projects\softral1\vendor\laravel\framework\src\Illuminate\Support\Manager.php:139
Stack trace:
#0 [internal function]: Illuminate\Foundation\Bootstrap\HandleExceptions->handleError(2, 'call_user_func_...', 'C:\\wamp\\www\\cli...', 139, Array)
#1 C:\wamp\www\client_projects\softral1\vendor\laravel\framework\src\Illuminate\Support\Manager.php(139): call_user_func_array(Array, Array)
#2 C:\wamp\www\client_projects\softral1\vendor\laravel\framework\src\Illuminate\Support\Facades\Facade.php(207): Illuminate\Support\Manager->__call('username', Array)
#3 C:\wamp\www\client_projects\softral1\vendor\laravel\framework\src\Illuminate\Support\Facades\Facade.php(207): Illuminate\Auth\AuthManager->username()
#4 C:\wamp\www\client_projects\softral1\public\chat\index.php(46): Illuminate\Support\Facades\Facade::__callStatic('username', Array)
#5 C:\wamp\www\client_projects\softral1\public\chat\index.php(46): Illuminate\Support\Facades\Auth::username()
#6 {main}  
[2016-06-16 16:28:21] local.ERROR: exception 'ErrorException' with message 'Trying to get property of non-object' in C:\wamp\www\client_projects\softral1\public\chat\index.php:46
Stack trace:
#0 C:\wamp\www\client_projects\softral1\public\chat\index.php(46): Illuminate\Foundation\Bootstrap\HandleExceptions->handleError(8, 'Trying to get p...', 'C:\\wamp\\www\\cli...', 46, Array)
#1 {main}  
[2016-06-16 16:28:51] local.ERROR: exception 'ErrorException' with message 'Trying to get property of non-object' in C:\wamp\www\client_projects\softral1\public\chat\index.php:46
Stack trace:
#0 C:\wamp\www\client_projects\softral1\public\chat\index.php(46): Illuminate\Foundation\Bootstrap\HandleExceptions->handleError(8, 'Trying to get p...', 'C:\\wamp\\www\\cli...', 46, Array)
#1 {main}  
[2016-06-16 18:40:59] local.ERROR: exception 'ErrorException' with message 'Undefined property: stdClass::$get_updated_datetime' in C:\wamp\www\client_projects\softral1\storage\framework\views\8b1ad0bff228a25a798c062e30aa9be9:106
Stack trace:
#0 C:\wamp\www\client_projects\softral1\storage\framework\views\8b1ad0bff228a25a798c062e30aa9be9(106): Illuminate\Foundation\Bootstrap\HandleExceptions->handleError(8, 'Undefined prope...', 'C:\\wamp\\www\\cli...', 106, Array)
#1 C:\wamp\www\client_projects\softral1\vendor\laravel\framework\src\Illuminate\View\Engines\PhpEngine.php(39): include('C:\\wamp\\www\\cli...')
#2 C:\wamp\www\client_projects\softral1\vendor\laravel\framework\src\Illuminate\View\Engines\CompilerEngine.php(57): Illuminate\View\Engines\PhpEngine->evaluatePath('C:\\wamp\\www\\cli...', Array)
#3 C:\wamp\www\client_projects\softral1\vendor\laravel\framework\src\Illuminate\View\View.php(136): Illuminate\View\Engines\CompilerEngine->get('C:\\wamp\\www\\cli...', Array)
#4 C:\wamp\www\client_projects\softral1\vendor\laravel\framework\src\Illuminate\View\View.php(104): Illuminate\View\View->getContents()
#5 C:\wamp\www\client_projects\softral1\vendor\laravel\framework\src\Illuminate\View\View.php(78): Illuminate\View\View->renderContents()
#6 C:\wamp\www\client_projects\softral1\vendor\laravel\framework\src\Illuminate\View\View.php(152): Illuminate\View\View->render()
#7 C:\wamp\www\client_projects\softral1\vendor\laravel\framework\src\Illuminate\View\View.php(136): Illuminate\View\View->gatherData()
#8 C:\wamp\www\client_projects\softral1\vendor\laravel\framework\src\Illuminate\View\View.php(104): Illuminate\View\View->getContents()
#9 C:\wamp\www\client_projects\softral1\vendor\laravel\framework\src\Illuminate\View\View.php(78): Illuminate\View\View->renderContents()
#10 C:\wamp\www\client_projects\softral1\vendor\laravel\framework\src\Illuminate\Http\Response.php(44): Illuminate\View\View->render()
#11 C:\wamp\www\client_projects\softral1\vendor\symfony\http-foundation\Symfony\Component\HttpFoundation\Response.php(202): Illuminate\Http\Response->setContent(Object(Illuminate\View\View))
#12 C:\wamp\www\client_projects\softral1\vendor\laravel\framework\src\Illuminate\Routing\Router.php(1198): Symfony\Component\HttpFoundation\Response->__construct(Object(Illuminate\View\View))
#13 C:\wamp\www\client_projects\softral1\vendor\laravel\framework\src\Illuminate\Routing\Router.php(702): Illuminate\Routing\Router->prepareResponse(Object(Illuminate\Http\Request), Object(Illuminate\View\View))
#14 [internal function]: Illuminate\Routing\Router->Illuminate\Routing\{closure}(Object(Illuminate\Http\Request))
#15 C:\wamp\www\client_projects\softral1\vendor\laravel\framework\src\Illuminate\Pipeline\Pipeline.php(141): call_user_func(Object(Closure), Object(Illuminate\Http\Request))
#16 [internal function]: Illuminate\Pipeline\Pipeline->Illuminate\Pipeline\{closure}(Object(Illuminate\Http\Request))
#17 C:\wamp\www\client_projects\softral1\vendor\laravel\framework\src\Illuminate\Pipeline\Pipeline.php(101): call_user_func(Object(Closure), Object(Illuminate\Http\Request))
#18 C:\wamp\www\client_projects\softral1\vendor\laravel\framework\src\Illuminate\Routing\Router.php(703): Illuminate\Pipeline\Pipeline->then(Object(Closure))
#19 C:\wamp\www\client_projects\softral1\vendor\laravel\framework\src\Illuminate\Routing\Router.php(670): Illuminate\Routing\Router->runRouteWithinStack(Object(Illuminate\Routing\Route), Object(Illuminate\Http\Request))
#20 C:\wamp\www\client_projects\softral1\vendor\laravel\framework\src\Illuminate\Routing\Router.php(628): Illuminate\Routing\Router->dispatchToRoute(Object(Illuminate\Http\Request))
#21 C:\wamp\www\client_projects\softral1\vendor\laravel\framework\src\Illuminate\Foundation\Http\Kernel.php(214): Illuminate\Routing\Router->dispatch(Object(Illuminate\Http\Request))
#22 [internal function]: Illuminate\Foundation\Http\Kernel->Illuminate\Foundation\Http\{closure}(Object(Illuminate\Http\Request))
#23 C:\wamp\www\client_projects\softral1\vendor\laravel\framework\src\Illuminate\Pipeline\Pipeline.php(141): call_user_func(Object(Closure), Object(Illuminate\Http\Request))
#24 C:\wamp\www\client_projects\softral1\vendor\laravel\framework\src\Illuminate\Foundation\Http\Middleware\VerifyCsrfToken.php(43): Illuminate\Pipeline\Pipeline->Illuminate\Pipeline\{closure}(Object(Illuminate\Http\Request))
#25 C:\wamp\www\client_projects\softral1\app\Http\Middleware\VerifyCsrfToken.php(17): Illuminate\Foundation\Http\Middleware\VerifyCsrfToken->handle(Object(Illuminate\Http\Request), Object(Closure))
#26 C:\wamp\www\client_projects\softral1\vendor\laravel\framework\src\Illuminate\Pipeline\Pipeline.php(125): App\Http\Middleware\VerifyCsrfToken->handle(Object(Illuminate\Http\Request), Object(Closure))
#27 C:\wamp\www\client_projects\softral1\vendor\laravel\framework\src\Illuminate\View\Middleware\ShareErrorsFromSession.php(55): Illuminate\Pipeline\Pipeline->Illuminate\Pipeline\{closure}(Object(Illuminate\Http\Request))
#28 C:\wamp\www\client_projects\softral1\vendor\laravel\framework\src\Illuminate\Pipeline\Pipeline.php(125): Illuminate\View\Middleware\ShareErrorsFromSession->handle(Object(Illuminate\Http\Request), Object(Closure))
#29 C:\wamp\www\client_projects\softral1\vendor\laravel\framework\src\Illuminate\Session\Middleware\StartSession.php(61): Illuminate\Pipeline\Pipeline->Illuminate\Pipeline\{closure}(Object(Illuminate\Http\Request))
#30 C:\wamp\www\client_projects\softral1\vendor\laravel\framework\src\Illuminate\Pipeline\Pipeline.php(125): Illuminate\Session\Middleware\StartSession->handle(Object(Illuminate\Http\Request), Object(Closure))
#31 C:\wamp\www\client_projects\softral1\vendor\laravel\framework\src\Illuminate\Cookie\Middleware\AddQueuedCookiesToResponse.php(36): Illuminate\Pipeline\Pipeline->Illuminate\Pipeline\{closure}(Object(Illuminate\Http\Request))
#32 C:\wamp\www\client_projects\softral1\vendor\laravel\framework\src\Illuminate\Pipeline\Pipeline.php(125): Illuminate\Cookie\Middleware\AddQueuedCookiesToResponse->handle(Object(Illuminate\Http\Request), Object(Closure))
#33 C:\wamp\www\client_projects\softral1\vendor\laravel\framework\src\Illuminate\Cookie\Middleware\EncryptCookies.php(40): Illuminate\Pipeline\Pipeline->Illuminate\Pipeline\{closure}(Object(Illuminate\Http\Request))
#34 C:\wamp\www\client_projects\softral1\vendor\laravel\framework\src\Illuminate\Pipeline\Pipeline.php(125): Illuminate\Cookie\Middleware\EncryptCookies->handle(Object(Illuminate\Http\Request), Object(Closure))
#35 C:\wamp\www\client_projects\softral1\vendor\laravel\framework\src\Illuminate\Foundation\Http\Middleware\CheckForMaintenanceMode.php(42): Illuminate\Pipeline\Pipeline->Illuminate\Pipeline\{closure}(Object(Illuminate\Http\Request))
#36 C:\wamp\www\client_projects\softral1\vendor\laravel\framework\src\Illuminate\Pipeline\Pipeline.php(125): Illuminate\Foundation\Http\Middleware\CheckForMaintenanceMode->handle(Object(Illuminate\Http\Request), Object(Closure))
#37 [internal function]: Illuminate\Pipeline\Pipeline->Illuminate\Pipeline\{closure}(Object(Illuminate\Http\Request))
#38 C:\wamp\www\client_projects\softral1\vendor\laravel\framework\src\Illuminate\Pipeline\Pipeline.php(101): call_user_func(Object(Closure), Object(Illuminate\Http\Request))
#39 C:\wamp\www\client_projects\softral1\vendor\laravel\framework\src\Illuminate\Foundation\Http\Kernel.php(115): Illuminate\Pipeline\Pipeline->then(Object(Closure))
#40 C:\wamp\www\client_projects\softral1\vendor\laravel\framework\src\Illuminate\Foundation\Http\Kernel.php(84): Illuminate\Foundation\Http\Kernel->sendRequestThroughRouter(Object(Illuminate\Http\Request))
#41 C:\wamp\www\client_projects\softral1\public\index.php(53): Illuminate\Foundation\Http\Kernel->handle(Object(Illuminate\Http\Request))
#42 {main}

Next exception 'ErrorException' with message 'Undefined property: stdClass::$get_updated_datetime (View: C:\wamp\www\client_projects\softral1\resources\views\job\workboardhtml.blade.php)' in C:\wamp\www\client_projects\softral1\storage\framework\views\8b1ad0bff228a25a798c062e30aa9be9:106
Stack trace:
#0 C:\wamp\www\client_projects\softral1\vendor\laravel\framework\src\Illuminate\View\Engines\PhpEngine.php(43): Illuminate\View\Engines\CompilerEngine->handleViewException(Object(ErrorException), 1)
#1 C:\wamp\www\client_projects\softral1\vendor\laravel\framework\src\Illuminate\View\Engines\CompilerEngine.php(57): Illuminate\View\Engines\PhpEngine->evaluatePath('C:\\wamp\\www\\cli...', Array)
#2 C:\wamp\www\client_projects\softral1\vendor\laravel\framework\src\Illuminate\View\View.php(136): Illuminate\View\Engines\CompilerEngine->get('C:\\wamp\\www\\cli...', Array)
#3 C:\wamp\www\client_projects\softral1\vendor\laravel\framework\src\Illuminate\View\View.php(104): Illuminate\View\View->getContents()
#4 C:\wamp\www\client_projects\softral1\vendor\laravel\framework\src\Illuminate\View\View.php(78): Illuminate\View\View->renderContents()
#5 C:\wamp\www\client_projects\softral1\vendor\laravel\framework\src\Illuminate\View\View.php(152): Illuminate\View\View->render()
#6 C:\wamp\www\client_projects\softral1\vendor\laravel\framework\src\Illuminate\View\View.php(136): Illuminate\View\View->gatherData()
#7 C:\wamp\www\client_projects\softral1\vendor\laravel\framework\src\Illuminate\View\View.php(104): Illuminate\View\View->getContents()
#8 C:\wamp\www\client_projects\softral1\vendor\laravel\framework\src\Illuminate\View\View.php(78): Illuminate\View\View->renderContents()
#9 C:\wamp\www\client_projects\softral1\vendor\laravel\framework\src\Illuminate\Http\Response.php(44): Illuminate\View\View->render()
#10 C:\wamp\www\client_projects\softral1\vendor\symfony\http-foundation\Symfony\Component\HttpFoundation\Response.php(202): Illuminate\Http\Response->setContent(Object(Illuminate\View\View))
#11 C:\wamp\www\client_projects\softral1\vendor\laravel\framework\src\Illuminate\Routing\Router.php(1198): Symfony\Component\HttpFoundation\Response->__construct(Object(Illuminate\View\View))
#12 C:\wamp\www\client_projects\softral1\vendor\laravel\framework\src\Illuminate\Routing\Router.php(702): Illuminate\Routing\Router->prepareResponse(Object(Illuminate\Http\Request), Object(Illuminate\View\View))
#13 [internal function]: Illuminate\Routing\Router->Illuminate\Routing\{closure}(Object(Illuminate\Http\Request))
#14 C:\wamp\www\client_projects\softral1\vendor\laravel\framework\src\Illuminate\Pipeline\Pipeline.php(141): call_user_func(Object(Closure), Object(Illuminate\Http\Request))
#15 [internal function]: Illuminate\Pipeline\Pipeline->Illuminate\Pipeline\{closure}(Object(Illuminate\Http\Request))
#16 C:\wamp\www\client_projects\softral1\vendor\laravel\framework\src\Illuminate\Pipeline\Pipeline.php(101): call_user_func(Object(Closure), Object(Illuminate\Http\Request))
#17 C:\wamp\www\client_projects\softral1\vendor\laravel\framework\src\Illuminate\Routing\Router.php(703): Illuminate\Pipeline\Pipeline->then(Object(Closure))
#18 C:\wamp\www\client_projects\softral1\vendor\laravel\framework\src\Illuminate\Routing\Router.php(670): Illuminate\Routing\Router->runRouteWithinStack(Object(Illuminate\Routing\Route), Object(Illuminate\Http\Request))
#19 C:\wamp\www\client_projects\softral1\vendor\laravel\framework\src\Illuminate\Routing\Router.php(628): Illuminate\Routing\Router->dispatchToRoute(Object(Illuminate\Http\Request))
#20 C:\wamp\www\client_projects\softral1\vendor\laravel\framework\src\Illuminate\Foundation\Http\Kernel.php(214): Illuminate\Routing\Router->dispatch(Object(Illuminate\Http\Request))
#21 [internal function]: Illuminate\Foundation\Http\Kernel->Illuminate\Foundation\Http\{closure}(Object(Illuminate\Http\Request))
#22 C:\wamp\www\client_projects\softral1\vendor\laravel\framework\src\Illuminate\Pipeline\Pipeline.php(141): call_user_func(Object(Closure), Object(Illuminate\Http\Request))
#23 C:\wamp\www\client_projects\softral1\vendor\laravel\framework\src\Illuminate\Foundation\Http\Middleware\VerifyCsrfToken.php(43): Illuminate\Pipeline\Pipeline->Illuminate\Pipeline\{closure}(Object(Illuminate\Http\Request))
#24 C:\wamp\www\client_projects\softral1\app\Http\Middleware\VerifyCsrfToken.php(17): Illuminate\Foundation\Http\Middleware\VerifyCsrfToken->handle(Object(Illuminate\Http\Request), Object(Closure))
#25 C:\wamp\www\client_projects\softral1\vendor\laravel\framework\src\Illuminate\Pipeline\Pipeline.php(125): App\Http\Middleware\VerifyCsrfToken->handle(Object(Illuminate\Http\Request), Object(Closure))
#26 C:\wamp\www\client_projects\softral1\vendor\laravel\framework\src\Illuminate\View\Middleware\ShareErrorsFromSession.php(55): Illuminate\Pipeline\Pipeline->Illuminate\Pipeline\{closure}(Object(Illuminate\Http\Request))
#27 C:\wamp\www\client_projects\softral1\vendor\laravel\framework\src\Illuminate\Pipeline\Pipeline.php(125): Illuminate\View\Middleware\ShareErrorsFromSession->handle(Object(Illuminate\Http\Request), Object(Closure))
#28 C:\wamp\www\client_projects\softral1\vendor\laravel\framework\src\Illuminate\Session\Middleware\StartSession.php(61): Illuminate\Pipeline\Pipeline->Illuminate\Pipeline\{closure}(Object(Illuminate\Http\Request))
#29 C:\wamp\www\client_projects\softral1\vendor\laravel\framework\src\Illuminate\Pipeline\Pipeline.php(125): Illuminate\Session\Middleware\StartSession->handle(Object(Illuminate\Http\Request), Object(Closure))
#30 C:\wamp\www\client_projects\softral1\vendor\laravel\framework\src\Illuminate\Cookie\Middleware\AddQueuedCookiesToResponse.php(36): Illuminate\Pipeline\Pipeline->Illuminate\Pipeline\{closure}(Object(Illuminate\Http\Request))
#31 C:\wamp\www\client_projects\softral1\vendor\laravel\framework\src\Illuminate\Pipeline\Pipeline.php(125): Illuminate\Cookie\Middleware\AddQueuedCookiesToResponse->handle(Object(Illuminate\Http\Request), Object(Closure))
#32 C:\wamp\www\client_projects\softral1\vendor\laravel\framework\src\Illuminate\Cookie\Middleware\EncryptCookies.php(40): Illuminate\Pipeline\Pipeline->Illuminate\Pipeline\{closure}(Object(Illuminate\Http\Request))
#33 C:\wamp\www\client_projects\softral1\vendor\laravel\framework\src\Illuminate\Pipeline\Pipeline.php(125): Illuminate\Cookie\Middleware\EncryptCookies->handle(Object(Illuminate\Http\Request), Object(Closure))
#34 C:\wamp\www\client_projects\softral1\vendor\laravel\framework\src\Illuminate\Foundation\Http\Middleware\CheckForMaintenanceMode.php(42): Illuminate\Pipeline\Pipeline->Illuminate\Pipeline\{closure}(Object(Illuminate\Http\Request))
#35 C:\wamp\www\client_projects\softral1\vendor\laravel\framework\src\Illuminate\Pipeline\Pipeline.php(125): Illuminate\Foundation\Http\Middleware\CheckForMaintenanceMode->handle(Object(Illuminate\Http\Request), Object(Closure))
#36 [internal function]: Illuminate\Pipeline\Pipeline->Illuminate\Pipeline\{closure}(Object(Illuminate\Http\Request))
#37 C:\wamp\www\client_projects\softral1\vendor\laravel\framework\src\Illuminate\Pipeline\Pipeline.php(101): call_user_func(Object(Closure), Object(Illuminate\Http\Request))
#38 C:\wamp\www\client_projects\softral1\vendor\laravel\framework\src\Illuminate\Foundation\Http\Kernel.php(115): Illuminate\Pipeline\Pipeline->then(Object(Closure))
#39 C:\wamp\www\client_projects\softral1\vendor\laravel\framework\src\Illuminate\Foundation\Http\Kernel.php(84): Illuminate\Foundation\Http\Kernel->sendRequestThroughRouter(Object(Illuminate\Http\Request))
#40 C:\wamp\www\client_projects\softral1\public\index.php(53): Illuminate\Foundation\Http\Kernel->handle(Object(Illuminate\Http\Request))
#41 {main}  
[2016-06-16 19:14:24] local.ERROR: exception 'Symfony\Component\Debug\Exception\FatalErrorException' with message 'Class 'Carbon' not found' in C:\wamp\www\client_projects\softral1\storage\framework\views\8b1ad0bff228a25a798c062e30aa9be9:105
Stack trace:
#0 {main}  
